#-----------------------------------------------------------
# Vivado v2019.2 (64-bit)
# SW Build 2708876 on Wed Nov  6 21:39:14 MST 2019
# IP Build 2700528 on Thu Nov  7 00:09:20 MST 2019
# Start of session at: Mon May 29 15:32:39 2023
# Process ID: 8289
# Current directory: /scratch/pg519/workspace/rtl_ke_t2/vivado_rtl_kernel
# Command line: vivado -mode batch -source /tmp/prj320416114481086519.tmp -notrace
# Log file: /scratch/pg519/workspace/rtl_ke_t2/vivado_rtl_kernel/vivado.log
# Journal file: /scratch/pg519/workspace/rtl_ke_t2/vivado_rtl_kernel/vivado.jou
#-----------------------------------------------------------
source /tmp/prj320416114481086519.tmp -notrace
INFO: [IP_Flow 19-234] Refreshing IP repositories
INFO: [IP_Flow 19-1704] No user IP repositories specified
INFO: [IP_Flow 19-2313] Loaded Vivado IP repository '/mnt/applications/Xilinx/19.2/Vivado/2019.2/data/ip'.
create_ip -name rtl_kernel_wizard -vendor xilinx.com -library ip -version 1.0 -module_name Vadd_A_B
create_ip: Time (s): cpu = 00:00:07 ; elapsed = 00:00:15 . Memory (MB): peak = 6969.305 ; gain = 0.000 ; free physical = 163739 ; free virtual = 186624
set_property -dict [list CONFIG.Component_Name {Vadd_A_B} CONFIG.KERNEL_NAME {Vadd_A_B} CONFIG.NUM_M_AXI {2} CONFIG.M00_AXI_ARG00_NAME {A} CONFIG.M01_AXI_ARG00_NAME {B}] [get_ips Vadd_A_B]
WARNING: [Vivado 12-3523] Attempt to change 'Component_Name' from 'Vadd_A_B' to 'Vadd_A_B' is not allowed and is ignored.
generate_target {instantiation_template} [get_files /scratch/pg519/workspace/rtl_ke_t2/vivado_rtl_kernel/vivado_rtl_kernel.srcs/sources_1/ip/Vadd_A_B/Vadd_A_B.xci]
INFO: [IP_Flow 19-1686] Generating 'Instantiation Template' target for IP 'Vadd_A_B'...
set_property generate_synth_checkpoint false [get_files /scratch/pg519/workspace/rtl_ke_t2/vivado_rtl_kernel/vivado_rtl_kernel.srcs/sources_1/ip/Vadd_A_B/Vadd_A_B.xci]
generate_target all [get_files /scratch/pg519/workspace/rtl_ke_t2/vivado_rtl_kernel/vivado_rtl_kernel.srcs/sources_1/ip/Vadd_A_B/Vadd_A_B.xci]
INFO: [IP_Flow 19-1686] Generating 'Instantiation Template' target for IP 'Vadd_A_B'...
INFO: [IP_Flow 19-1686] Generating 'Synthesis' target for IP 'Vadd_A_B'...
export_ip_user_files -of_objects [get_files /scratch/pg519/workspace/rtl_ke_t2/vivado_rtl_kernel/vivado_rtl_kernel.srcs/sources_1/ip/Vadd_A_B/Vadd_A_B.xci] -no_script -sync -force -quiet
start_gui
open_example_project -force -dir /scratch/pg519/workspace/rtl_ke_t2/vivado_rtl_kernel [get_ips Vadd_A_B]
INFO: [IP_Flow 19-1686] Generating 'Examples' target for IP 'Vadd_A_B'...
open_example_project: Time (s): cpu = 00:00:02 ; elapsed = 00:01:53 . Memory (MB): peak = 7006.219 ; gain = 11.883 ; free physical = 162143 ; free virtual = 185305
exit
INFO: [Common 17-206] Exiting Vivado at Mon May 29 15:44:11 2023...
