15:29:41 INFO  : Launching XSCT server: xsct -n  -interactive /scratch/pg519/workspace/temp_xsdb_launch_script.tcl
15:29:46 INFO  : XSCT server has started successfully.
15:29:51 INFO  : Registering command handlers for Vitis TCF services
15:30:03 INFO  : Successfully done setting XSCT server connection channel  
15:30:03 INFO  : plnx-install-location is set to ''
15:30:03 INFO  : Successfully done query RDI_DATADIR 
15:30:03 INFO  : Successfully done setting workspace for the tool. 
16:49:22 ERROR : Error while launch xterm: {}
java.io.IOException: Cannot run program "xterm" (in directory "/scratch/pg519/workspace"): error=2, No such file or directory
	at java.base/java.lang.ProcessBuilder.start(Unknown Source)
	at java.base/java.lang.ProcessBuilder.start(Unknown Source)
	at com.xilinx.ide.tools.console.OpenXBashHandler$1.run(OpenXBashHandler.java:99)
	at org.eclipse.swt.widgets.RunnableLock.run(RunnableLock.java:37)
	at org.eclipse.swt.widgets.Synchronizer.runAsyncMessages(Synchronizer.java:182)
	at org.eclipse.swt.widgets.Display.runAsyncMessages(Display.java:4915)
	at org.eclipse.swt.widgets.Display.readAndDispatch(Display.java:4521)
	at org.eclipse.e4.ui.internal.workbench.swt.PartRenderingEngine$5.run(PartRenderingEngine.java:1170)
	at org.eclipse.core.databinding.observable.Realm.runWithDefault(Realm.java:336)
	at org.eclipse.e4.ui.internal.workbench.swt.PartRenderingEngine.run(PartRenderingEngine.java:1059)
	at org.eclipse.e4.ui.internal.workbench.E4Workbench.createAndRunUI(E4Workbench.java:153)
	at org.eclipse.ui.internal.Workbench.lambda$3(Workbench.java:667)
	at org.eclipse.core.databinding.observable.Realm.runWithDefault(Realm.java:336)
	at org.eclipse.ui.internal.Workbench.createAndRunWorkbench(Workbench.java:597)
	at org.eclipse.ui.PlatformUI.createAndRunWorkbench(PlatformUI.java:148)
	at com.xilinx.ide.application.ui.Application.start(Application.java:78)
	at org.eclipse.equinox.internal.app.EclipseAppHandle.run(EclipseAppHandle.java:196)
	at org.eclipse.core.runtime.internal.adaptor.EclipseAppLauncher.runApplication(EclipseAppLauncher.java:134)
	at org.eclipse.core.runtime.internal.adaptor.EclipseAppLauncher.start(EclipseAppLauncher.java:104)
	at org.eclipse.core.runtime.adaptor.EclipseStarter.run(EclipseStarter.java:388)
	at org.eclipse.core.runtime.adaptor.EclipseStarter.run(EclipseStarter.java:243)
	at java.base/jdk.internal.reflect.NativeMethodAccessorImpl.invoke0(Native Method)
	at java.base/jdk.internal.reflect.NativeMethodAccessorImpl.invoke(Unknown Source)
	at java.base/jdk.internal.reflect.DelegatingMethodAccessorImpl.invoke(Unknown Source)
	at java.base/java.lang.reflect.Method.invoke(Unknown Source)
	at org.eclipse.equinox.launcher.Main.invokeFramework(Main.java:656)
	at org.eclipse.equinox.launcher.Main.basicRun(Main.java:592)
	at org.eclipse.equinox.launcher.Main.run(Main.java:1498)
	at org.eclipse.equinox.launcher.Main.main(Main.java:1471)
Caused by: java.io.IOException: error=2, No such file or directory
	at java.base/java.lang.ProcessImpl.forkAndExec(Native Method)
	at java.base/java.lang.ProcessImpl.<init>(Unknown Source)
	at java.base/java.lang.ProcessImpl.start(Unknown Source)
	... 29 more
16:49:22 ERROR : Error while launch konsole: {}
java.io.IOException: Cannot run program "konsole" (in directory "/scratch/pg519/workspace"): error=2, No such file or directory
	at java.base/java.lang.ProcessBuilder.start(Unknown Source)
	at java.base/java.lang.ProcessBuilder.start(Unknown Source)
	at com.xilinx.ide.tools.console.OpenXBashHandler$1.run(OpenXBashHandler.java:109)
	at org.eclipse.swt.widgets.RunnableLock.run(RunnableLock.java:37)
	at org.eclipse.swt.widgets.Synchronizer.runAsyncMessages(Synchronizer.java:182)
	at org.eclipse.swt.widgets.Display.runAsyncMessages(Display.java:4915)
	at org.eclipse.swt.widgets.Display.readAndDispatch(Display.java:4521)
	at org.eclipse.e4.ui.internal.workbench.swt.PartRenderingEngine$5.run(PartRenderingEngine.java:1170)
	at org.eclipse.core.databinding.observable.Realm.runWithDefault(Realm.java:336)
	at org.eclipse.e4.ui.internal.workbench.swt.PartRenderingEngine.run(PartRenderingEngine.java:1059)
	at org.eclipse.e4.ui.internal.workbench.E4Workbench.createAndRunUI(E4Workbench.java:153)
	at org.eclipse.ui.internal.Workbench.lambda$3(Workbench.java:667)
	at org.eclipse.core.databinding.observable.Realm.runWithDefault(Realm.java:336)
	at org.eclipse.ui.internal.Workbench.createAndRunWorkbench(Workbench.java:597)
	at org.eclipse.ui.PlatformUI.createAndRunWorkbench(PlatformUI.java:148)
	at com.xilinx.ide.application.ui.Application.start(Application.java:78)
	at org.eclipse.equinox.internal.app.EclipseAppHandle.run(EclipseAppHandle.java:196)
	at org.eclipse.core.runtime.internal.adaptor.EclipseAppLauncher.runApplication(EclipseAppLauncher.java:134)
	at org.eclipse.core.runtime.internal.adaptor.EclipseAppLauncher.start(EclipseAppLauncher.java:104)
	at org.eclipse.core.runtime.adaptor.EclipseStarter.run(EclipseStarter.java:388)
	at org.eclipse.core.runtime.adaptor.EclipseStarter.run(EclipseStarter.java:243)
	at java.base/jdk.internal.reflect.NativeMethodAccessorImpl.invoke0(Native Method)
	at java.base/jdk.internal.reflect.NativeMethodAccessorImpl.invoke(Unknown Source)
	at java.base/jdk.internal.reflect.DelegatingMethodAccessorImpl.invoke(Unknown Source)
	at java.base/java.lang.reflect.Method.invoke(Unknown Source)
	at org.eclipse.equinox.launcher.Main.invokeFramework(Main.java:656)
	at org.eclipse.equinox.launcher.Main.basicRun(Main.java:592)
	at org.eclipse.equinox.launcher.Main.run(Main.java:1498)
	at org.eclipse.equinox.launcher.Main.main(Main.java:1471)
Caused by: java.io.IOException: error=2, No such file or directory
	at java.base/java.lang.ProcessImpl.forkAndExec(Native Method)
	at java.base/java.lang.ProcessImpl.<init>(Unknown Source)
	at java.base/java.lang.ProcessImpl.start(Unknown Source)
	... 29 more
